<?xml version="1.0" encoding="UTF-8" ?>
<testsuite tests="1" failures="0" name="com.telstra.codechallenge.service.HottestRepoServiceTest" time="0.019" errors="0" skipped="0">
  <properties>
    <property name="idea.version" value="2022.3.3"/>
    <property name="java.runtime.name" value="OpenJDK Runtime Environment"/>
    <property name="java.vm.version" value="17.0.7+7-b985.2"/>
    <property name="sun.boot.library.path" value="C:\Users\e011700\.jdks\jbr-17.0.7\bin"/>
    <property name="maven.multiModuleProjectDirectory" value="C:\Clean-WorkSpace-CAIMAN\spring-boot-coding-exercise"/>
    <property name="java.vm.vendor" value="JetBrains s.r.o."/>
    <property name="java.vendor.url" value="https://openjdk.java.net/"/>
    <property name="guice.disable.misplaced.annotation.check" value="true"/>
    <property name="path.separator" value=";"/>
    <property name="java.vm.name" value="OpenJDK 64-Bit Server VM"/>
    <property name="sun.os.patch.level" value=""/>
    <property name="user.script" value=""/>
    <property name="user.country" value="AU"/>
    <property name="sun.java.launcher" value="SUN_STANDARD"/>
    <property name="java.vm.specification.name" value="Java Virtual Machine Specification"/>
    <property name="user.dir" value="C:\Clean-WorkSpace-CAIMAN\spring-boot-coding-exercise"/>
    <property name="jbr.virtualization.information" value="Hyper-V role"/>
    <property name="java.vm.compressedOopsMode" value="Zero based"/>
    <property name="java.runtime.version" value="17.0.7+7-b985.2"/>
    <property name="os.arch" value="amd64"/>
    <property name="java.io.tmpdir" value="C:\Users\e011700\AppData\Local\Temp\"/>
    <property name="line.separator" value="
"/>
    <property name="java.vm.specification.vendor" value="Oracle Corporation"/>
    <property name="user.variant" value=""/>
    <property name="os.name" value="Windows 10"/>
    <property name="maven.ext.class.path" value="C:\Users\e011700\AppData\Local\JetBrains\IntelliJ IDEA Community Edition 2022.3.3\plugins\maven\lib\maven-event-listener.jar"/>
    <property name="classworlds.conf" value="C:\Users\e011700\AppData\Local\JetBrains\IntelliJ IDEA Community Edition 2022.3.3\plugins\maven\lib\maven3\bin\m2.conf"/>
    <property name="sun.jnu.encoding" value="Cp1252"/>
    <property name="java.library.path" value="C:\Users\e011700\.jdks\jbr-17.0.7\bin;C:\WINDOWS\Sun\Java\bin;C:\WINDOWS\system32;C:\WINDOWS;C:\WINDOWS\system32;C:\WINDOWS;C:\WINDOWS\System32\Wbem;C:\WINDOWS\System32\WindowsPowerShell\v1.0\;C:\WINDOWS\System32\OpenSSH\;C:\Program Files\PuTTY\;C:\Program Files\nodejs\;C:\Program Files\Amazon\AWSCLIV2\;C:\Program Files\Docker\Docker\resources\bin;C:\Program Files\Maven\apache-maven-3.9.0\bin;C:\Program Files\Java\jdk-11.0.17\bin;C:\Users\e011700\AppData\Local\Microsoft\WindowsApps;C:\Users\e011700\AppData\Local\Programs\Microsoft VS Code\bin;C:\Users\e011700\AppData\Local\Programs\Git\cmd;C:\Users\e011700\AppData\Roaming\npm;C:\Users\e011700\AppData\Local\JetBrains\IntelliJ IDEA Community Edition 2022.3.3\bin;;."/>
    <property name="jansi.passthrough" value="true"/>
    <property name="maven.conf" value="C:\Users\e011700\AppData\Local\JetBrains\IntelliJ IDEA Community Edition 2022.3.3\plugins\maven\lib\maven3/conf"/>
    <property name="jdk.debug" value="release"/>
    <property name="java.class.version" value="61.0"/>
    <property name="java.specification.name" value="Java Platform API Specification"/>
    <property name="sun.management.compiler" value="HotSpot 64-Bit Tiered Compilers"/>
    <property name="os.version" value="10.0"/>
    <property name="user.home" value="C:\Users\e011700"/>
    <property name="user.timezone" value="Australia/Sydney"/>
    <property name="file.encoding" value="UTF-8"/>
    <property name="java.specification.version" value="17"/>
    <property name="user.name" value="e011700"/>
    <property name="java.class.path" value="C:\Users\e011700\AppData\Local\JetBrains\IntelliJ IDEA Community Edition 2022.3.3\plugins\maven\lib\maven3\boot\plexus-classworlds-2.6.0.jar;C:\Users\e011700\AppData\Local\JetBrains\IntelliJ IDEA Community Edition 2022.3.3\plugins\maven\lib\maven3\boot\plexus-classworlds.license"/>
    <property name="java.vm.specification.version" value="17"/>
    <property name="sun.arch.data.model" value="64"/>
    <property name="sun.java.command" value="org.codehaus.classworlds.Launcher -Didea.version=2022.3.3 test"/>
    <property name="java.home" value="C:\Users\e011700\.jdks\jbr-17.0.7"/>
    <property name="user.language" value="en"/>
    <property name="java.specification.vendor" value="Oracle Corporation"/>
    <property name="java.vm.info" value="mixed mode"/>
    <property name="java.version" value="17.0.7"/>
    <property name="native.encoding" value="Cp1252"/>
    <property name="java.vendor" value="JetBrains s.r.o."/>
    <property name="maven.home" value="C:\Users\e011700\AppData\Local\JetBrains\IntelliJ IDEA Community Edition 2022.3.3\plugins\maven\lib\maven3"/>
    <property name="file.separator" value="\"/>
    <property name="java.version.date" value="2023-04-18"/>
    <property name="java.vendor.url.bug" value="https://bugreport.java.com/bugreport/"/>
    <property name="sun.io.unicode.encoding" value="UnicodeLittle"/>
    <property name="sun.cpu.endian" value="little"/>
    <property name="java.vendor.version" value="JBR-17.0.7+7-985.2-nomod"/>
    <property name="sun.cpu.isalist" value="amd64"/>
  </properties>
  <testcase classname="com.telstra.codechallenge.service.HottestRepoServiceTest" name="getHottestRepoCreatedLastWeek" time="0.019"/>
</testsuite>